2026-03-10 12:18:09 - 开始第1轮优化
✓ 创建 every-minute.html
2026-03-10 12:18:09 - 第1轮优化完成
2026-03-10 12:18:38 - 开始第2轮优化
✓ 创建 every-hour.html
2026-03-10 12:18:38 - 第2轮优化完成
2026-03-10 12:20:01 - 开始第3轮优化
✓ 创建 every-day.html
2026-03-10 12:20:01 - 第3轮优化完成
2026-03-10 12:25:01 - 开始第4轮优化
✓ 创建 every-week.html
2026-03-10 12:25:01 - 第4轮优化完成
2026-03-10 12:30:01 - 开始第5轮优化
✓ 创建 every-month.html
2026-03-10 12:30:01 - 第5轮优化完成
2026-03-10 12:35:01 - 开始第6轮优化
✓ 更新 sitemap.xml
2026-03-10 12:35:01 - 第6轮优化完成
2026-03-10 12:40:01 - 开始第7轮优化
✓ 创建 cron-expression-format.html
2026-03-10 12:40:01 - 第7轮优化完成
2026-03-10 12:45:01 - 开始第8轮优化
✓ 创建 crontab-syntax.html
2026-03-10 12:45:01 - 第8轮优化完成
2026-03-10 12:50:01 - 开始第9轮优化
✓ 更新 style.css 添加页面导航样式
2026-03-10 12:50:01 - 第9轮优化完成
2026-03-10 12:55:01 - 开始第10轮优化
✓ 更新首页，添加内链和结构化数据
2026-03-10 12:55:01 - 第10轮优化完成
2026-03-10 13:00:01 - 开始第11轮优化
✓ 更新 sitemap.xml 包含所有页面
2026-03-10 13:00:01 - 第11轮优化完成
2026-03-10 13:05:01 - 开始第12轮优化
✓ 创建 cron-job-examples.html
2026-03-10 13:05:01 - 第12轮优化完成
2026-03-10 13:10:01 - 开始第13轮优化
✓ 第13 轮优化完成（已达最大轮次）
2026-03-10 13:10:01 - 第13轮优化完成
2026-03-10 13:15:01 - 开始第14轮优化
✓ 第14 轮优化完成（已达最大轮次）
2026-03-10 13:15:01 - 第14轮优化完成
2026-03-10 13:20:01 - 开始第15轮优化
✓ 第15 轮优化完成（已达最大轮次）
2026-03-10 13:20:01 - 第15轮优化完成
2026-03-10 13:25:01 - 开始第16轮优化
✓ 第16 轮优化完成（已达最大轮次）
2026-03-10 13:25:01 - 第16轮优化完成
2026-03-10 13:30:01 - 开始第17轮优化
✓ 第17 轮优化完成（已达最大轮次）
2026-03-10 13:30:01 - 第17轮优化完成
2026-03-10 13:35:01 - 开始第18轮优化
✓ 第18 轮优化完成（已达最大轮次）
2026-03-10 13:35:01 - 第18轮优化完成
2026-03-10 13:40:01 - 开始第19轮优化
✓ 第19 轮优化完成（已达最大轮次）
2026-03-10 13:40:01 - 第19轮优化完成
2026-03-10 13:45:01 - 开始第20轮优化
✓ 第20 轮优化完成（已达最大轮次）
2026-03-10 13:45:01 - 第20轮优化完成
2026-03-10 13:50:01 - 开始第20轮优化
✓ 第20 轮优化完成（已达最大轮次）
2026-03-10 13:50:01 - 第20轮优化完成
2026-03-10 13:55:01 - 开始第20轮优化
✓ 第20 轮优化完成（已达最大轮次）
2026-03-10 13:55:01 - 第20轮优化完成
2026-03-10 14:00:01 - 开始第20轮优化
✓ 第20 轮优化完成（已达最大轮次）
2026-03-10 14:00:01 - 第20轮优化完成
2026-03-10 14:05:01 - 开始第20轮优化
✓ 第20 轮优化完成（已达最大轮次）
2026-03-10 14:05:01 - 第20轮优化完成
2026-03-10 14:10:01 - 开始第20轮优化
✓ 第20 轮优化完成（已达最大轮次）
2026-03-10 14:10:01 - 第20轮优化完成
2026-03-10 14:15:01 - 开始第20轮优化
✓ 第20 轮优化完成（已达最大轮次）
2026-03-10 14:15:01 - 第20轮优化完成
2026-03-10 14:20:01 - 开始第20轮优化
✓ 第20 轮优化完成（已达最大轮次）
2026-03-10 14:20:01 - 第20轮优化完成
2026-03-10 14:25:01 - 开始第20轮优化
✓ 第20 轮优化完成（已达最大轮次）
2026-03-10 14:25:01 - 第20轮优化完成
2026-03-10 14:30:01 - 开始第20轮优化
✓ 第20 轮优化完成（已达最大轮次）
2026-03-10 14:30:01 - 第20轮优化完成
2026-03-10 14:35:01 - 开始第20轮优化
✓ 第20 轮优化完成（已达最大轮次）
2026-03-10 14:35:01 - 第20轮优化完成
2026-03-10 14:40:01 - 开始第20轮优化
✓ 第20 轮优化完成（已达最大轮次）
2026-03-10 14:40:01 - 第20轮优化完成
2026-03-10 14:45:02 - 开始第20轮优化
✓ 第20 轮优化完成（已达最大轮次）
2026-03-10 14:45:02 - 第20轮优化完成
2026-03-10 14:50:01 - 开始第20轮优化
✓ 第20 轮优化完成（已达最大轮次）
2026-03-10 14:50:01 - 第20轮优化完成
2026-03-10 14:55:01 - 开始第20轮优化
✓ 第20 轮优化完成（已达最大轮次）
2026-03-10 14:55:01 - 第20轮优化完成
2026-03-10 15:00:01 - 开始第20轮优化
✓ 第20 轮优化完成（已达最大轮次）
2026-03-10 15:00:01 - 第20轮优化完成
2026-03-10 15:05:01 - 开始第20轮优化
✓ 第20 轮优化完成（已达最大轮次）
2026-03-10 15:05:01 - 第20轮优化完成
2026-03-10 15:10:01 - 开始第20轮优化
✓ 第20 轮优化完成（已达最大轮次）
2026-03-10 15:10:01 - 第20轮优化完成
2026-03-10 15:15:01 - 开始第20轮优化
✓ 第20 轮优化完成（已达最大轮次）
2026-03-10 15:15:01 - 第20轮优化完成
2026-03-17 23:04:50 - 开始第20轮优化
✓ 第20 轮优化完成（已达最大轮次）
2026-03-17 23:04:50 - 第20轮优化完成
2026-03-17 23:05:11 - 开始第20轮优化
✓ 第20 轮优化完成（已达最大轮次）
2026-03-17 23:05:11 - 第20轮优化完成
2026-03-17 23:05:27 - 开始第10轮优化
✓ 更新首页，添加内链和结构化数据
2026-03-17 23:05:27 - 第10轮优化完成
